[2021-07-19 12:19:57] INFO: string(100) "insert into oc_itdaat_attribute_name (itdaat_attribute_id, language_id, name) values (21,5,'david');"

[2021-07-19 12:19:57] INFO: string(100) "insert into oc_itdaat_attribute_name (itdaat_attribute_id, language_id, name) values (21,6,'gazda');"

[2021-07-19 12:19:35] INFO: string(98) "insert into oc_itdaat_attribute_name (itdaat_attribute_id, language_id, name) values (20,5,david);"

[2021-07-19 12:19:35] INFO: string(98) "insert into oc_itdaat_attribute_name (itdaat_attribute_id, language_id, name) values (20,6,gazda);"

[2021-07-19 12:16:10] INFO: string(114) "insert into oc_itdaat_attribute_name (itdaat_attribute_id, language_id, name) values  
            (18,5,'david');"

[2021-07-19 12:16:10] INFO: string(114) "insert into oc_itdaat_attribute_name (itdaat_attribute_id, language_id, name) values  
            (18,6,'gazda');"

[2021-07-19 12:14:05] INFO: string(114) "insert into oc_itdaat_attribute_name (itdaat_attribute_id, language_id, name) values  
            (17,5,'david');"

[2021-07-19 12:14:05] INFO: string(114) "insert into oc_itdaat_attribute_name (itdaat_attribute_id, language_id, name) values  
            (17,6,'gazda');"

[2021-07-19 12:12:38] INFO: string(118) "insert into oc_itdaat_attribute_name (itdaat_attribute_id, language_id, name) values  
            (16,5,'Ukrainian');"

[2021-07-19 12:12:38] INFO: string(116) "insert into oc_itdaat_attribute_name (itdaat_attribute_id, language_id, name) values  
            (16,6,'Russian');"

[2021-07-19 12:11:59] INFO: string(116) "insert into oc_itdaat_attribute_name (itdaat_attribute_id, language_id, name) values  
            (15,5,Ukrainian);"

[2021-07-19 12:11:59] INFO: string(114) "insert into oc_itdaat_attribute_name (itdaat_attribute_id, language_id, name) values  
            (15,6,Russian);"

[2021-07-19 12:10:54] INFO: array(2) {
  [6]=>
  string(7) "Russian"
  [5]=>
  string(9) "Ukrainian"
}

