/////////////////////////////////PHOTO_FOR_CATEGORIES/////////////////////////////////
[2021-06-24 09:30:42] INFO: array(6) {
  ["setting_id"]=>
  string(3) "442"
  ["store_id"]=>
  string(1) "0"
  ["code"]=>
  string(20) "photo_for_categories"
  ["key"]=>
  string(34) "module_photo_for_categories_status"
  ["value"]=>
  string(1) "1"
  ["serialized"]=>
  string(1) "0"
}

/////////////////////////////////1/////////////////////////////////
[2021-06-16 12:11:18] INFO: array(2) {
  [0]=>
  array(5) {
    ["id"]=>
    string(1) "1"
    ["module_code"]=>
    string(27) "module_photo_for_categories"
    ["key"]=>
    string(33) "module_photo_for_categories_value"
    ["value"]=>
    string(1) "1"
    ["date"]=>
    string(10) "2021-06-16"
  }
  [1]=>
  array(5) {
    ["id"]=>
    string(1) "2"
    ["module_code"]=>
    string(27) "module_photo_for_categories"
    ["key"]=>
    string(40) "module_photo_for_categories_sorting_type"
    ["value"]=>
    string(1) "1"
    ["date"]=>
    string(10) "2021-06-16"
  }
}

[2021-06-16 12:11:18] INFO: array(1) {
  [0]=>
  array(5) {
    ["id"]=>
    string(1) "1"
    ["module_code"]=>
    string(27) "module_photo_for_categories"
    ["key"]=>
    string(33) "module_photo_for_categories_value"
    ["value"]=>
    string(1) "1"
    ["date"]=>
    string(10) "2021-06-16"
  }
}

/////////////////////////////////1/////////////////////////////////
[2021-06-16 12:10:40] INFO: array(5) {
  ["id"]=>
  string(1) "2"
  ["module_code"]=>
  string(27) "module_photo_for_categories"
  ["key"]=>
  string(40) "module_photo_for_categories_sorting_type"
  ["value"]=>
  string(1) "1"
  ["date"]=>
  string(10) "2021-06-16"
}

[2021-06-16 12:10:40] INFO: array(5) {
  ["id"]=>
  string(1) "1"
  ["module_code"]=>
  string(27) "module_photo_for_categories"
  ["key"]=>
  string(33) "module_photo_for_categories_value"
  ["value"]=>
  string(1) "1"
  ["date"]=>
  string(10) "2021-06-16"
}

/////////////////////////////////1/////////////////////////////////
[2021-06-16 12:10:34] INFO: NULL

[2021-06-16 12:10:34] INFO: NULL

/////////////////////////////////1/////////////////////////////////
[2021-06-16 12:10:19] INFO: array(2) {
  [0]=>
  array(5) {
    ["id"]=>
    string(1) "1"
    ["module_code"]=>
    string(27) "module_photo_for_categories"
    ["key"]=>
    string(33) "module_photo_for_categories_value"
    ["value"]=>
    string(1) "1"
    ["date"]=>
    string(10) "2021-06-16"
  }
  [1]=>
  array(5) {
    ["id"]=>
    string(1) "2"
    ["module_code"]=>
    string(27) "module_photo_for_categories"
    ["key"]=>
    string(40) "module_photo_for_categories_sorting_type"
    ["value"]=>
    string(1) "1"
    ["date"]=>
    string(10) "2021-06-16"
  }
}

[2021-06-16 12:10:19] INFO: array(1) {
  [0]=>
  array(5) {
    ["id"]=>
    string(1) "1"
    ["module_code"]=>
    string(27) "module_photo_for_categories"
    ["key"]=>
    string(33) "module_photo_for_categories_value"
    ["value"]=>
    string(1) "1"
    ["date"]=>
    string(10) "2021-06-16"
  }
}

/////////////////////////////////1/////////////////////////////////
[2021-06-16 12:10:08] INFO: array(2) {
  [0]=>
  array(5) {
    ["id"]=>
    string(1) "1"
    ["module_code"]=>
    string(27) "module_photo_for_categories"
    ["key"]=>
    string(33) "module_photo_for_categories_value"
    ["value"]=>
    string(1) "1"
    ["date"]=>
    string(10) "2021-06-16"
  }
  [1]=>
  array(5) {
    ["id"]=>
    string(1) "2"
    ["module_code"]=>
    string(27) "module_photo_for_categories"
    ["key"]=>
    string(40) "module_photo_for_categories_sorting_type"
    ["value"]=>
    string(1) "1"
    ["date"]=>
    string(10) "2021-06-16"
  }
}

[2021-06-16 12:10:08] INFO: array(1) {
  [0]=>
  array(5) {
    ["id"]=>
    string(1) "1"
    ["module_code"]=>
    string(27) "module_photo_for_categories"
    ["key"]=>
    string(33) "module_photo_for_categories_value"
    ["value"]=>
    string(1) "1"
    ["date"]=>
    string(10) "2021-06-16"
  }
}

[2021-06-16 11:55:12] INFO: array(5) {
  ["module_code"]=>
  string(27) "module_photo_for_categories"
  ["key"]=>
  string(40) "module_photo_for_categories_sorting_type"
  ["value"]=>
  string(1) "1"
  ["date"]=>
  string(10) "2021-06-16"
  ["id"]=>
  int(5)
}

[2021-06-16 11:55:12] INFO: array(5) {
  ["module_code"]=>
  string(27) "module_photo_for_categories"
  ["key"]=>
  string(33) "module_photo_for_categories_value"
  ["value"]=>
  string(1) "1"
  ["date"]=>
  string(10) "2021-06-16"
  ["id"]=>
  int(4)
}

[2021-06-16 11:55:12] INFO: array(3) {
  [0]=>
  array(5) {
    ["id"]=>
    string(1) "1"
    ["module_code"]=>
    string(27) "module_photo_for_categories"
    ["key"]=>
    string(33) "module_photo_for_categories_value"
    ["value"]=>
    string(1) "1"
    ["date"]=>
    string(10) "2021-06-16"
  }
  [1]=>
  array(5) {
    ["id"]=>
    string(1) "2"
    ["module_code"]=>
    string(27) "module_photo_for_categories"
    ["key"]=>
    string(40) "module_photo_for_categories_sorting_type"
    ["value"]=>
    string(1) "1"
    ["date"]=>
    string(10) "2021-06-16"
  }
  ["id"]=>
  int(3)
}

